#
# There is insufficient memory for the Java Runtime Environment to continue.
# Native memory allocation (mmap) failed to map 45088768 bytes for committing reserved memory.
# Possible reasons:
#   The system is out of physical RAM or swap space
#   In 32 bit mode, the process size limit was hit
# Possible solutions:
#   Reduce memory load on the system
#   Increase physical memory or swap space
#   Check if swap backing store is full
#   Use 64 bit Java on a 64 bit OS
#   Decrease Java heap size (-Xmx/-Xms)
#   Decrease number of Java threads
#   Decrease Java thread stack sizes (-Xss)
#   Set larger code cache with -XX:ReservedCodeCacheSize=
# This output file may be truncated or incomplete.
#
#  Out of Memory Error (os_linux.cpp:2673), pid=9997, tid=140397938226944
#
# JRE version: Java(TM) SE Runtime Environment (8.0_45-b14) (build 1.8.0_45-b14)
# Java VM: Java HotSpot(TM) 64-Bit Server VM (25.45-b02 mixed mode linux-amd64 compressed oops)
# Failed to write core dump. Core dumps have been disabled. To enable core dumping, try "ulimit -c unlimited" before starting Java again
#

---------------  T H R E A D  ---------------

Current thread (0x00007fb104073800):  VMThread [stack: 0x00007fb0f12c3000,0x00007fb0f13c4000] [id=10005]

Stack: [0x00007fb0f12c3000,0x00007fb0f13c4000],  sp=0x00007fb0f13c1f60,  free space=1019k
Native frames: (J=compiled Java code, j=interpreted, Vv=VM code, C=native code)
V  [libjvm.so+0xaac99a]  VMError::report_and_die()+0x2ba
V  [libjvm.so+0x4f333b]  report_vm_out_of_memory(char const*, int, unsigned long, VMErrorType, char const*)+0x8b
V  [libjvm.so+0x90e7c3]  os::Linux::commit_memory_impl(char*, unsigned long, bool)+0x103
V  [libjvm.so+0x90ed19]  os::pd_commit_memory(char*, unsigned long, unsigned long, bool)+0x29
V  [libjvm.so+0x90867a]  os::commit_memory(char*, unsigned long, unsigned long, bool)+0x2a
V  [libjvm.so+0x97bac3]  PSVirtualSpace::expand_by(unsigned long)+0x53
V  [libjvm.so+0x97cec8]  PSYoungGen::resize_generation(unsigned long, unsigned long)+0xf8
V  [libjvm.so+0x97c022]  PSYoungGen::resize(unsigned long, unsigned long)+0x22
V  [libjvm.so+0x9792fb]  PSScavenge::invoke_no_policy()+0xf7b
V  [libjvm.so+0x979a81]  PSScavenge::invoke()+0x41
V  [libjvm.so+0x932050]  ParallelScavengeHeap::failed_mem_allocate(unsigned long)+0x70
V  [libjvm.so+0xaae1d7]  VM_ParallelGCFailedAllocation::doit()+0x97
V  [libjvm.so+0xab59c5]  VM_Operation::evaluate()+0x55
V  [libjvm.so+0xab3d9a]  VMThread::evaluate_operation(VM_Operation*)+0xba
V  [libjvm.so+0xab411e]  VMThread::loop()+0x1ce
V  [libjvm.so+0xab4590]  VMThread::run()+0x70
V  [libjvm.so+0x910de8]  java_start(Thread*)+0x108

VM_Operation (0x00007fb0f0560f90): ParallelGCFailedAllocation, mode: safepoint, requested by thread 0x00007fb104132000


---------------  P R O C E S S  ---------------

Java Threads: ( => current thread )
  0x00007fb104134800 JavaThread "pool-1-thread-4" [_thread_blocked, id=10017, stack(0x00007fb0f0260000,0x00007fb0f0361000)]
  0x00007fb104133000 JavaThread "pool-1-thread-3" [_thread_blocked, id=10016, stack(0x00007fb0f0361000,0x00007fb0f0462000)]
  0x00007fb104132000 JavaThread "pool-1-thread-2" [_thread_blocked, id=10015, stack(0x00007fb0f0462000,0x00007fb0f0563000)]
  0x00007fb10412e800 JavaThread "pool-2-thread-1" [_thread_blocked, id=10014, stack(0x00007fb0f0563000,0x00007fb0f0664000)]
  0x00007fb104129800 JavaThread "pool-1-thread-1" [_thread_blocked, id=10013, stack(0x00007fb0f0664000,0x00007fb0f0765000)]
  0x00007fb1040bc000 JavaThread "Service Thread" daemon [_thread_blocked, id=10011, stack(0x00007fb0f087c000,0x00007fb0f097d000)]
  0x00007fb1040b7800 JavaThread "C1 CompilerThread1" daemon [_thread_blocked, id=10010, stack(0x00007fb0f097d000,0x00007fb0f0a7e000)]
  0x00007fb1040b4800 JavaThread "C2 CompilerThread0" daemon [_thread_blocked, id=10009, stack(0x00007fb0f0a7e000,0x00007fb0f0b7f000)]
  0x00007fb1040b3000 JavaThread "Signal Dispatcher" daemon [_thread_blocked, id=10008, stack(0x00007fb0f0b7f000,0x00007fb0f0c80000)]
  0x00007fb10407b000 JavaThread "Finalizer" daemon [_thread_blocked, id=10007, stack(0x00007fb0f10c1000,0x00007fb0f11c2000)]
  0x00007fb104078800 JavaThread "Reference Handler" daemon [_thread_blocked, id=10006, stack(0x00007fb0f11c2000,0x00007fb0f12c3000)]
  0x00007fb10400a000 JavaThread "main" [_thread_blocked, id=10002, stack(0x00007fb10b109000,0x00007fb10b20a000)]

Other Threads:
=>0x00007fb104073800 VMThread [stack: 0x00007fb0f12c3000,0x00007fb0f13c4000] [id=10005]
  0x00007fb1040bf000 WatcherThread [stack: 0x00007fb0f077b000,0x00007fb0f087c000] [id=10012]

VM state:at safepoint (normal execution)

VM Mutex/Monitor currently owned by a thread:  ([mutex/lock_event])
[0x00007fb1040064b0] Threads_lock - owner thread: 0x00007fb104073800
[0x00007fb1040069b0] Heap_lock - owner thread: 0x00007fb104132000

Heap:
 PSYoungGen      total 33280K, used 2528K [0x00000000eab00000, 0x00000000ece00000, 0x0000000100000000)
  eden space 30720K, 0% used [0x00000000eab00000,0x00000000eab00000,0x00000000ec900000)
  from space 2560K, 98% used [0x00000000ec900000,0x00000000ecb78090,0x00000000ecb80000)
  to   space 2560K, 0% used [0x00000000ecb80000,0x00000000ecb80000,0x00000000ece00000)
 ParOldGen       total 40960K, used 12319K [0x00000000c0000000, 0x00000000c2800000, 0x00000000eab00000)
  object space 40960K, 30% used [0x00000000c0000000,0x00000000c0c07f60,0x00000000c2800000)
 Metaspace       used 5922K, capacity 6896K, committed 7040K, reserved 1056768K
  class space    used 590K, capacity 616K, committed 640K, reserved 1048576K

Card table byte_map: [0x00007fb1080aa000,0x00007fb1082ab000] byte_map_base: 0x00007fb107aaa000

Marking Bits: (ParMarkBitMap*) 0x00007fb10a5e7760
 Begin Bits: [0x00007fb0f28e8000, 0x00007fb0f38e8000)
 End Bits:   [0x00007fb0f38e8000, 0x00007fb0f48e8000)

Polling page: 0x00007fb10b231000

CodeCache: size=245760Kb used=4387Kb max_used=4398Kb free=241372Kb
 bounds [0x00007fb0f5000000, 0x00007fb0f5450000, 0x00007fb104000000]
 total_blobs=1466 nmethods=1199 adapters=182
 compilation: enabled

Compilation events (10 events):
Event: 6,584 Thread 0x00007fb1040b4800 nmethod 1254 0x00007fb0f5449850 code [0x00007fb0f5449c00, 0x00007fb0f544b898]
Event: 6,585 Thread 0x00007fb1040b4800 1363 %     4       java.util.BitSet::cardinality @ 4 (32 bytes)
Event: 6,589 Thread 0x00007fb1040b4800 nmethod 1363% 0x00007fb0f5444e50 code [0x00007fb0f5444fa0, 0x00007fb0f5445138]
Event: 6,589 Thread 0x00007fb1040b4800 1293       4       java.util.Arrays::equals (78 bytes)
Event: 6,681 Thread 0x00007fb1040b7800 1397       2       com.android.dx.ssa.back.FirstFitLocalCombiningAllocator::handleNormalUnassociated (99 bytes)
Event: 6,683 Thread 0x00007fb1040b7800 nmethod 1397 0x00007fb0f5443f50 code [0x00007fb0f5444180, 0x00007fb0f5444718]
Event: 6,683 Thread 0x00007fb1040b7800 1399       2       com.android.dx.rop.code.InsnList::contentEquals (54 bytes)
Event: 6,683 Thread 0x00007fb1040b7800 nmethod 1399 0x00007fb0f5443850 code [0x00007fb0f54439e0, 0x00007fb0f5443d08]
Event: 6,683 Thread 0x00007fb1040b7800 1398       2       com.android.dx.ssa.back.IdenticalBlockCombiner::compareInsns (12 bytes)
Event: 6,684 Thread 0x00007fb1040b7800 nmethod 1398 0x00007fb0f5447bd0 code [0x00007fb0f5447d40, 0x00007fb0f5447ea8]

GC Heap History (9 events):
Event: 1,280 GC heap before
{Heap before GC invocations=1 (full 0):
 PSYoungGen      total 17920K, used 15360K [0x00000000eab00000, 0x00000000ebf00000, 0x0000000100000000)
  eden space 15360K, 100% used [0x00000000eab00000,0x00000000eba00000,0x00000000eba00000)
  from space 2560K, 0% used [0x00000000ebc80000,0x00000000ebc80000,0x00000000ebf00000)
  to   space 2560K, 0% used [0x00000000eba00000,0x00000000eba00000,0x00000000ebc80000)
 ParOldGen       total 40960K, used 0K [0x00000000c0000000, 0x00000000c2800000, 0x00000000eab00000)
  object space 40960K, 0% used [0x00000000c0000000,0x00000000c0000000,0x00000000c2800000)
 Metaspace       used 3711K, capacity 4944K, committed 5120K, reserved 1056768K
  class space    used 402K, capacity 456K, committed 512K, reserved 1048576K
Event: 1,287 GC heap after
Heap after GC invocations=1 (full 0):
 PSYoungGen      total 17920K, used 1204K [0x00000000eab00000, 0x00000000ebf00000, 0x0000000100000000)
  eden space 15360K, 0% used [0x00000000eab00000,0x00000000eab00000,0x00000000eba00000)
  from space 2560K, 47% used [0x00000000eba00000,0x00000000ebb2d280,0x00000000ebc80000)
  to   space 2560K, 0% used [0x00000000ebc80000,0x00000000ebc80000,0x00000000ebf00000)
 ParOldGen       total 40960K, used 8K [0x00000000c0000000, 0x00000000c2800000, 0x00000000eab00000)
  object space 40960K, 0% used [0x00000000c0000000,0x00000000c0002000,0x00000000c2800000)
 Metaspace       used 3711K, capacity 4944K, committed 5120K, reserved 1056768K
  class space    used 402K, capacity 456K, committed 512K, reserved 1048576K
}
Event: 3,255 GC heap before
{Heap before GC invocations=2 (full 0):
 PSYoungGen      total 17920K, used 16564K [0x00000000eab00000, 0x00000000ebf00000, 0x0000000100000000)
  eden space 15360K, 100% used [0x00000000eab00000,0x00000000eba00000,0x00000000eba00000)
  from space 2560K, 47% used [0x00000000eba00000,0x00000000ebb2d280,0x00000000ebc80000)
  to   space 2560K, 0% used [0x00000000ebc80000,0x00000000ebc80000,0x00000000ebf00000)
 ParOldGen       total 40960K, used 8K [0x00000000c0000000, 0x00000000c2800000, 0x00000000eab00000)
  object space 40960K, 0% used [0x00000000c0000000,0x00000000c0002000,0x00000000c2800000)
 Metaspace       used 5711K, capacity 6704K, committed 6784K, reserved 1056768K
  class space    used 587K, capacity 616K, committed 640K, reserved 1048576K
Event: 3,284 GC heap after
Heap after GC invocations=2 (full 0):
 PSYoungGen      total 17920K, used 2541K [0x00000000eab00000, 0x00000000ebf00000, 0x0000000100000000)
  eden space 15360K, 0% used [0x00000000eab00000,0x00000000eab00000,0x00000000eba00000)
  from space 2560K, 99% used [0x00000000ebc80000,0x00000000ebefb5e0,0x00000000ebf00000)
  to   space 2560K, 0% used [0x00000000eba00000,0x00000000eba00000,0x00000000ebc80000)
 ParOldGen       total 40960K, used 1997K [0x00000000c0000000, 0x00000000c2800000, 0x00000000eab00000)
  object space 40960K, 4% used [0x00000000c0000000,0x00000000c01f3780,0x00000000c2800000)
 Metaspace       used 5711K, capacity 6704K, committed 6784K, reserved 1056768K
  class space    used 587K, capacity 616K, committed 640K, reserved 1048576K
}
Event: 4,180 GC heap before
{Heap before GC invocations=3 (full 0):
 PSYoungGen      total 17920K, used 17901K [0x00000000eab00000, 0x00000000ebf00000, 0x0000000100000000)
  eden space 15360K, 100% used [0x00000000eab00000,0x00000000eba00000,0x00000000eba00000)
  from space 2560K, 99% used [0x00000000ebc80000,0x00000000ebefb5e0,0x00000000ebf00000)
  to   space 2560K, 0% used [0x00000000eba00000,0x00000000eba00000,0x00000000ebc80000)
 ParOldGen       total 40960K, used 1997K [0x00000000c0000000, 0x00000000c2800000, 0x00000000eab00000)
  object space 40960K, 4% used [0x00000000c0000000,0x00000000c01f3780,0x00000000c2800000)
 Metaspace       used 5756K, capacity 6768K, committed 7040K, reserved 1056768K
  class space    used 589K, capacity 616K, committed 640K, reserved 1048576K
Event: 4,210 GC heap after
Heap after GC invocations=3 (full 0):
 PSYoungGen      total 17920K, used 2548K [0x00000000eab00000, 0x00000000ece00000, 0x0000000100000000)
  eden space 15360K, 0% used [0x00000000eab00000,0x00000000eab00000,0x00000000eba00000)
  from space 2560K, 99% used [0x00000000eba00000,0x00000000ebc7d328,0x00000000ebc80000)
  to   space 2560K, 0% used [0x00000000ecb80000,0x00000000ecb80000,0x00000000ece00000)
 ParOldGen       total 40960K, used 4688K [0x00000000c0000000, 0x00000000c2800000, 0x00000000eab00000)
  object space 40960K, 11% used [0x00000000c0000000,0x00000000c0494208,0x00000000c2800000)
 Metaspace       used 5756K, capacity 6768K, committed 7040K, reserved 1056768K
  class space    used 589K, capacity 616K, committed 640K, reserved 1048576K
}
Event: 4,922 GC heap before
{Heap before GC invocations=4 (full 0):
 PSYoungGen      total 17920K, used 17908K [0x00000000eab00000, 0x00000000ece00000, 0x0000000100000000)
  eden space 15360K, 100% used [0x00000000eab00000,0x00000000eba00000,0x00000000eba00000)
  from space 2560K, 99% used [0x00000000eba00000,0x00000000ebc7d328,0x00000000ebc80000)
  to   space 2560K, 0% used [0x00000000ecb80000,0x00000000ecb80000,0x00000000ece00000)
 ParOldGen       total 40960K, used 4688K [0x00000000c0000000, 0x00000000c2800000, 0x00000000eab00000)
  object space 40960K, 11% used [0x00000000c0000000,0x00000000c0494208,0x00000000c2800000)
 Metaspace       used 5802K, capacity 6768K, committed 7040K, reserved 1056768K
  class space    used 589K, capacity 616K, committed 640K, reserved 1048576K
Event: 4,966 GC heap after
Heap after GC invocations=4 (full 0):
 PSYoungGen      total 33280K, used 2548K [0x00000000eab00000, 0x00000000ece00000, 0x0000000100000000)
  eden space 30720K, 0% used [0x00000000eab00000,0x00000000eab00000,0x00000000ec900000)
  from space 2560K, 99% used [0x00000000ecb80000,0x00000000ecdfd328,0x00000000ece00000)
  to   space 2560K, 0% used [0x00000000ec900000,0x00000000ec900000,0x00000000ecb80000)
 ParOldGen       total 40960K, used 7129K [0x00000000c0000000, 0x00000000c2800000, 0x00000000eab00000)
  object space 40960K, 17% used [0x00000000c0000000,0x00000000c06f6768,0x00000000c2800000)
 Metaspace       used 5802K, capacity 6768K, committed 7040K, reserved 1056768K
  class space    used 589K, capacity 616K, committed 640K, reserved 1048576K
}
Event: 6,727 GC heap before
{Heap before GC invocations=5 (full 0):
 PSYoungGen      total 33280K, used 33268K [0x00000000eab00000, 0x00000000ece00000, 0x0000000100000000)
  eden space 30720K, 100% used [0x00000000eab00000,0x00000000ec900000,0x00000000ec900000)
  from space 2560K, 99% used [0x00000000ecb80000,0x00000000ecdfd328,0x00000000ece00000)
  to   space 2560K, 0% used [0x00000000ec900000,0x00000000ec900000,0x00000000ecb80000)
 ParOldGen       total 40960K, used 7129K [0x00000000c0000000, 0x00000000c2800000, 0x00000000eab00000)
  object space 40960K, 17% used [0x00000000c0000000,0x00000000c06f6768,0x00000000c2800000)
 Metaspace       used 5922K, capacity 6896K, committed 7040K, reserved 1056768K
  class space    used 590K, capacity 616K, committed 640K, reserved 1048576K

Deoptimization events (10 events):
Event: 2,714 Thread 0x00007fb104134800 Uncommon trap: reason=unstable_if action=reinterpret pc=0x00007fb0f523fe9c method=java.util.HashMap.getNode(ILjava/lang/Object;)Ljava/util/HashMap$Node; @ 62
Event: 3,353 Thread 0x00007fb104132000 Uncommon trap: reason=unstable_if action=reinterpret pc=0x00007fb0f523c0ac method=java.util.BitSet.nextSetBit(I)I @ 87
Event: 5,146 Thread 0x00007fb104133000 Uncommon trap: reason=null_check action=make_not_entrant pc=0x00007fb0f52da130 method=com.android.dx.ssa.SsaRenamer.getLocalForNewReg(I)Lcom/android/dx/rop/code/LocalItem; @ 19
Event: 5,152 Thread 0x00007fb104132000 Uncommon trap: reason=unstable_if action=reinterpret pc=0x00007fb0f52e15dc method=com.android.dx.rop.cst.Constant.compareTo(Lcom/android/dx/rop/cst/Constant;)I @ 12
Event: 5,485 Thread 0x00007fb104134800 Uncommon trap: reason=null_check action=make_not_entrant pc=0x00007fb0f5371740 method=com.android.dx.ssa.SsaRenamer.getLocalForNewReg(I)Lcom/android/dx/rop/code/LocalItem; @ 19
Event: 5,523 Thread 0x00007fb104129800 Uncommon trap: reason=unstable_if action=reinterpret pc=0x00007fb0f53077b4 method=com.android.dx.rop.code.RegisterSpec.equals(ILcom/android/dx/rop/type/TypeBearer;Lcom/android/dx/rop/code/LocalItem;)Z @ 42
Event: 6,291 Thread 0x00007fb104133000 Uncommon trap: reason=bimorphic action=maybe_recompile pc=0x00007fb0f52d28a0 method=java.util.HashMap.getNode(ILjava/lang/Object;)Ljava/util/HashMap$Node; @ 126
Event: 6,291 Thread 0x00007fb104133000 Uncommon trap: reason=bimorphic action=maybe_recompile pc=0x00007fb0f52d28a0 method=java.util.HashMap.getNode(ILjava/lang/Object;)Ljava/util/HashMap$Node; @ 126
Event: 6,291 Thread 0x00007fb104133000 Uncommon trap: reason=bimorphic action=maybe_recompile pc=0x00007fb0f52d28a0 method=java.util.HashMap.getNode(ILjava/lang/Object;)Ljava/util/HashMap$Node; @ 126
Event: 6,291 Thread 0x00007fb104133000 Uncommon trap: reason=bimorphic action=maybe_recompile pc=0x00007fb0f52d28a0 method=java.util.HashMap.getNode(ILjava/lang/Object;)Ljava/util/HashMap$Node; @ 126

Internal exceptions (4 events):
Event: 0,200 Thread 0x00007fb10400a000 Exception <a 'java/lang/NoSuchMethodError': Method sun.misc.Unsafe.defineClass(Ljava/lang/String;[BII)Ljava/lang/Class; name or signature does not match> (0x00000000eab12a38) thrown at [/RE-WORK/workspace/8-2-build-linux-amd64/jdk8u45/3457/hotspot/src/sha
Event: 0,200 Thread 0x00007fb10400a000 Exception <a 'java/lang/NoSuchMethodError': Method sun.misc.Unsafe.prefetchRead(Ljava/lang/Object;J)V name or signature does not match> (0x00000000eab12cc8) thrown at [/RE-WORK/workspace/8-2-build-linux-amd64/jdk8u45/3457/hotspot/src/share/vm/prims/jni.cp
Event: 5,080 Thread 0x00007fb104133000 Implicit null exception at 0x00007fb0f52d722c to 0x00007fb0f52da0ed
Event: 5,485 Thread 0x00007fb104134800 Implicit null exception at 0x00007fb0f5370188 to 0x00007fb0f537170d

Events (10 events):
Event: 6,514 loading class com/android/dx/rop/code/RegOps done
Event: 6,514 Thread 0x00007fb104132000 DEOPT PACKING pc=0x00007fb0f52c95ed sp=0x00007fb0f0560e50
Event: 6,514 Thread 0x00007fb104132000 DEOPT UNPACKING pc=0x00007fb0f5047233 sp=0x00007fb0f0560bd8 mode 0
Event: 6,515 Thread 0x00007fb104132000 DEOPT PACKING pc=0x00007fb0f52c95ed sp=0x00007fb0f0560e50
Event: 6,515 Thread 0x00007fb104132000 DEOPT UNPACKING pc=0x00007fb0f5047233 sp=0x00007fb0f0560bd8 mode 0
Event: 6,516 Thread 0x00007fb104132000 DEOPT PACKING pc=0x00007fb0f52bbbe8 sp=0x00007fb0f05605a0
Event: 6,516 Thread 0x00007fb104132000 DEOPT UNPACKING pc=0x00007fb0f5047233 sp=0x00007fb0f05602e0 mode 0
Event: 6,570 Thread 0x00007fb104132000 DEOPT PACKING pc=0x00007fb0f52e47b7 sp=0x00007fb0f0560e70
Event: 6,570 Thread 0x00007fb104132000 DEOPT UNPACKING pc=0x00007fb0f5047233 sp=0x00007fb0f0560c00 mode 0
Event: 6,726 Executing VM operation: ParallelGCFailedAllocation


Dynamic libraries:
00400000-00401000 r-xp 00000000 08:02 17830185                           /opt/java/jdk1.8.0_45/bin/java
00600000-00601000 rw-p 00000000 08:02 17830185                           /opt/java/jdk1.8.0_45/bin/java
0258c000-025ce000 rw-p 00000000 00:00 0                                  [heap]
c0000000-c2800000 rw-p 00000000 00:00 0 
c2800000-eab00000 ---p 00000000 00:00 0 
eab00000-ece00000 rw-p 00000000 00:00 0 
ef900000-100000000 ---p 00000000 00:00 0 
100000000-1000a0000 rw-p 00000000 00:00 0 
1000a0000-140000000 ---p 00000000 00:00 0 
7fb0b4000000-7fb0b4023000 rw-p 00000000 00:00 0 
7fb0b4023000-7fb0b8000000 ---p 00000000 00:00 0 
7fb0bc000000-7fb0bc021000 rw-p 00000000 00:00 0 
7fb0bc021000-7fb0c0000000 ---p 00000000 00:00 0 
7fb0c0000000-7fb0c0021000 rw-p 00000000 00:00 0 
7fb0c0021000-7fb0c4000000 ---p 00000000 00:00 0 
7fb0c4000000-7fb0c4021000 rw-p 00000000 00:00 0 
7fb0c4021000-7fb0c8000000 ---p 00000000 00:00 0 
7fb0c8000000-7fb0c8026000 rw-p 00000000 00:00 0 
7fb0c8026000-7fb0cc000000 ---p 00000000 00:00 0 
7fb0cc000000-7fb0cc69d000 rw-p 00000000 00:00 0 
7fb0cc69d000-7fb0d0000000 ---p 00000000 00:00 0 
7fb0d0000000-7fb0d0021000 rw-p 00000000 00:00 0 
7fb0d0021000-7fb0d4000000 ---p 00000000 00:00 0 
7fb0d4000000-7fb0d4021000 rw-p 00000000 00:00 0 
7fb0d4021000-7fb0d8000000 ---p 00000000 00:00 0 
7fb0d8000000-7fb0d85d9000 rw-p 00000000 00:00 0 
7fb0d85d9000-7fb0dc000000 ---p 00000000 00:00 0 
7fb0dc000000-7fb0dc021000 rw-p 00000000 00:00 0 
7fb0dc021000-7fb0e0000000 ---p 00000000 00:00 0 
7fb0e0000000-7fb0e0021000 rw-p 00000000 00:00 0 
7fb0e0021000-7fb0e4000000 ---p 00000000 00:00 0 
7fb0e4000000-7fb0e4021000 rw-p 00000000 00:00 0 
7fb0e4021000-7fb0e8000000 ---p 00000000 00:00 0 
7fb0e8000000-7fb0e828d000 rw-p 00000000 00:00 0 
7fb0e828d000-7fb0ec000000 ---p 00000000 00:00 0 
7fb0ec000000-7fb0ec021000 rw-p 00000000 00:00 0 
7fb0ec021000-7fb0f0000000 ---p 00000000 00:00 0 
7fb0f0233000-7fb0f023a000 r--s 00000000 08:02 19269829                   /usr/lib/x86_64-linux-gnu/gconv/gconv-modules.cache
7fb0f023a000-7fb0f0260000 r--p 00000000 08:02 19271419                   /usr/share/locale-langpack/de/LC_MESSAGES/libc.mo
7fb0f0260000-7fb0f0263000 ---p 00000000 00:00 0 
7fb0f0263000-7fb0f0361000 rw-p 00000000 00:00 0                          [stack:10017]
7fb0f0361000-7fb0f0364000 ---p 00000000 00:00 0 
7fb0f0364000-7fb0f0462000 rw-p 00000000 00:00 0                          [stack:10016]
7fb0f0462000-7fb0f0465000 ---p 00000000 00:00 0 
7fb0f0465000-7fb0f0563000 rw-p 00000000 00:00 0                          [stack:10015]
7fb0f0563000-7fb0f0566000 ---p 00000000 00:00 0 
7fb0f0566000-7fb0f0664000 rw-p 00000000 00:00 0                          [stack:10014]
7fb0f0664000-7fb0f0667000 ---p 00000000 00:00 0 
7fb0f0667000-7fb0f0765000 rw-p 00000000 00:00 0                          [stack:10013]
7fb0f0765000-7fb0f077b000 r--s 000f1000 00:1a 13505312                   /home/aend/Schreibtisch/EmojiControl/app/build/intermediates/exploded-aar/com.android.support/support-v4/23.4.0/jars/classes.jar
7fb0f077b000-7fb0f077c000 ---p 00000000 00:00 0 
7fb0f077c000-7fb0f087c000 rw-p 00000000 00:00 0                          [stack:10012]
7fb0f087c000-7fb0f087f000 ---p 00000000 00:00 0 
7fb0f087f000-7fb0f097d000 rw-p 00000000 00:00 0                          [stack:10011]
7fb0f097d000-7fb0f0980000 ---p 00000000 00:00 0 
7fb0f0980000-7fb0f0a7e000 rw-p 00000000 00:00 0                          [stack:10010]
7fb0f0a7e000-7fb0f0a81000 ---p 00000000 00:00 0 
7fb0f0a81000-7fb0f0b7f000 rw-p 00000000 00:00 0                          [stack:10009]
7fb0f0b7f000-7fb0f0b82000 ---p 00000000 00:00 0 
7fb0f0b82000-7fb0f0c80000 rw-p 00000000 00:00 0                          [stack:10008]
7fb0f0c80000-7fb0f10c1000 r--p 00000000 08:02 18749351                   /usr/lib/locale/locale-archive
7fb0f10c1000-7fb0f10c4000 ---p 00000000 00:00 0 
7fb0f10c4000-7fb0f11c2000 rw-p 00000000 00:00 0                          [stack:10007]
7fb0f11c2000-7fb0f11c5000 ---p 00000000 00:00 0 
7fb0f11c5000-7fb0f12c3000 rw-p 00000000 00:00 0                          [stack:10006]
7fb0f12c3000-7fb0f12c4000 ---p 00000000 00:00 0 
7fb0f12c4000-7fb0f1d0f000 rw-p 00000000 00:00 0                          [stack:10005]
7fb0f1d0f000-7fb0f1ee8000 r--s 03d09000 08:02 18221381                   /opt/java/jdk1.8.0_45/jre/lib/rt.jar
7fb0f1ee8000-7fb0f2528000 rw-p 00000000 00:00 0 
7fb0f2528000-7fb0f26e8000 ---p 00000000 00:00 0 
7fb0f26e8000-7fb0f48e8000 rw-p 00000000 00:00 0 
7fb0f48e8000-7fb0f48e9000 ---p 00000000 00:00 0 
7fb0f48e9000-7fb0f49e9000 rw-p 00000000 00:00 0                          [stack:10004]
7fb0f49e9000-7fb0f49ea000 ---p 00000000 00:00 0 
7fb0f49ea000-7fb0f4afe000 rw-p 00000000 00:00 0                          [stack:10003]
7fb0f4afe000-7fb0f4c40000 ---p 00000000 00:00 0 
7fb0f4c40000-7fb0f4c52000 rw-p 00000000 00:00 0 
7fb0f4c52000-7fb0f5000000 ---p 00000000 00:00 0 
7fb0f5000000-7fb0f5450000 rwxp 00000000 00:00 0 
7fb0f5450000-7fb104000000 ---p 00000000 00:00 0 
7fb104000000-7fb104385000 rw-p 00000000 00:00 0 
7fb104385000-7fb108000000 ---p 00000000 00:00 0 
7fb108004000-7fb108013000 r--s 000df000 00:1a 22414156                   /home/aend/Android/Sdk/build-tools/23.0.3/lib/dx.jar
7fb108013000-7fb1080be000 rw-p 00000000 00:00 0 
7fb1080be000-7fb1081ff000 ---p 00000000 00:00 0 
7fb1081ff000-7fb108211000 rw-p 00000000 00:00 0 
7fb108211000-7fb1082aa000 ---p 00000000 00:00 0 
7fb1082aa000-7fb1082ab000 rw-p 00000000 00:00 0 
7fb1082ab000-7fb1082c5000 r-xp 00000000 08:02 18221226                   /opt/java/jdk1.8.0_45/jre/lib/amd64/libzip.so
7fb1082c5000-7fb1084c5000 ---p 0001a000 08:02 18221226                   /opt/java/jdk1.8.0_45/jre/lib/amd64/libzip.so
7fb1084c5000-7fb1084c6000 rw-p 0001a000 08:02 18221226                   /opt/java/jdk1.8.0_45/jre/lib/amd64/libzip.so
7fb1084c6000-7fb1084d0000 r-xp 00000000 08:02 21104034                   /lib/x86_64-linux-gnu/libnss_files-2.19.so
7fb1084d0000-7fb1086cf000 ---p 0000a000 08:02 21104034                   /lib/x86_64-linux-gnu/libnss_files-2.19.so
7fb1086cf000-7fb1086d0000 r--p 00009000 08:02 21104034                   /lib/x86_64-linux-gnu/libnss_files-2.19.so
7fb1086d0000-7fb1086d1000 rw-p 0000a000 08:02 21104034                   /lib/x86_64-linux-gnu/libnss_files-2.19.so
7fb1086d1000-7fb1086dc000 r-xp 00000000 08:02 21103999                   /lib/x86_64-linux-gnu/libnss_nis-2.19.so
7fb1086dc000-7fb1088db000 ---p 0000b000 08:02 21103999                   /lib/x86_64-linux-gnu/libnss_nis-2.19.so
7fb1088db000-7fb1088dc000 r--p 0000a000 08:02 21103999                   /lib/x86_64-linux-gnu/libnss_nis-2.19.so
7fb1088dc000-7fb1088dd000 rw-p 0000b000 08:02 21103999                   /lib/x86_64-linux-gnu/libnss_nis-2.19.so
7fb1088dd000-7fb1088f4000 r-xp 00000000 08:02 21104014                   /lib/x86_64-linux-gnu/libnsl-2.19.so
7fb1088f4000-7fb108af3000 ---p 00017000 08:02 21104014                   /lib/x86_64-linux-gnu/libnsl-2.19.so
7fb108af3000-7fb108af4000 r--p 00016000 08:02 21104014                   /lib/x86_64-linux-gnu/libnsl-2.19.so
7fb108af4000-7fb108af5000 rw-p 00017000 08:02 21104014                   /lib/x86_64-linux-gnu/libnsl-2.19.so
7fb108af5000-7fb108af7000 rw-p 00000000 00:00 0 
7fb108af7000-7fb108b00000 r-xp 00000000 08:02 21104011                   /lib/x86_64-linux-gnu/libnss_compat-2.19.so
7fb108b00000-7fb108cff000 ---p 00009000 08:02 21104011                   /lib/x86_64-linux-gnu/libnss_compat-2.19.so
7fb108cff000-7fb108d00000 r--p 00008000 08:02 21104011                   /lib/x86_64-linux-gnu/libnss_compat-2.19.so
7fb108d00000-7fb108d01000 rw-p 00009000 08:02 21104011                   /lib/x86_64-linux-gnu/libnss_compat-2.19.so
7fb108d01000-7fb108d2b000 r-xp 00000000 08:02 18221271                   /opt/java/jdk1.8.0_45/jre/lib/amd64/libjava.so
7fb108d2b000-7fb108f2b000 ---p 0002a000 08:02 18221271                   /opt/java/jdk1.8.0_45/jre/lib/amd64/libjava.so
7fb108f2b000-7fb108f2d000 rw-p 0002a000 08:02 18221271                   /opt/java/jdk1.8.0_45/jre/lib/amd64/libjava.so
7fb108f2d000-7fb108f3a000 r-xp 00000000 08:02 18221243                   /opt/java/jdk1.8.0_45/jre/lib/amd64/libverify.so
7fb108f3a000-7fb10913a000 ---p 0000d000 08:02 18221243                   /opt/java/jdk1.8.0_45/jre/lib/amd64/libverify.so
7fb10913a000-7fb10913c000 rw-p 0000d000 08:02 18221243                   /opt/java/jdk1.8.0_45/jre/lib/amd64/libverify.so
7fb10913c000-7fb109143000 r-xp 00000000 08:02 21102822                   /lib/x86_64-linux-gnu/librt-2.19.so
7fb109143000-7fb109342000 ---p 00007000 08:02 21102822                   /lib/x86_64-linux-gnu/librt-2.19.so
7fb109342000-7fb109343000 r--p 00006000 08:02 21102822                   /lib/x86_64-linux-gnu/librt-2.19.so
7fb109343000-7fb109344000 rw-p 00007000 08:02 21102822                   /lib/x86_64-linux-gnu/librt-2.19.so
7fb109344000-7fb109449000 r-xp 00000000 08:02 21104018                   /lib/x86_64-linux-gnu/libm-2.19.so
7fb109449000-7fb109648000 ---p 00105000 08:02 21104018                   /lib/x86_64-linux-gnu/libm-2.19.so
7fb109648000-7fb109649000 r--p 00104000 08:02 21104018                   /lib/x86_64-linux-gnu/libm-2.19.so
7fb109649000-7fb10964a000 rw-p 00105000 08:02 21104018                   /lib/x86_64-linux-gnu/libm-2.19.so
7fb10964a000-7fb10a2f8000 r-xp 00000000 08:02 18221234                   /opt/java/jdk1.8.0_45/jre/lib/amd64/server/libjvm.so
7fb10a2f8000-7fb10a4f7000 ---p 00cae000 08:02 18221234                   /opt/java/jdk1.8.0_45/jre/lib/amd64/server/libjvm.so
7fb10a4f7000-7fb10a5ce000 rw-p 00cad000 08:02 18221234                   /opt/java/jdk1.8.0_45/jre/lib/amd64/server/libjvm.so
7fb10a5ce000-7fb10a612000 rw-p 00000000 00:00 0 
7fb10a612000-7fb10a7d0000 r-xp 00000000 08:02 21104010                   /lib/x86_64-linux-gnu/libc-2.19.so
7fb10a7d0000-7fb10a9cf000 ---p 001be000 08:02 21104010                   /lib/x86_64-linux-gnu/libc-2.19.so
7fb10a9cf000-7fb10a9d3000 r--p 001bd000 08:02 21104010                   /lib/x86_64-linux-gnu/libc-2.19.so
7fb10a9d3000-7fb10a9d5000 rw-p 001c1000 08:02 21104010                   /lib/x86_64-linux-gnu/libc-2.19.so
7fb10a9d5000-7fb10a9da000 rw-p 00000000 00:00 0 
7fb10a9da000-7fb10a9dd000 r-xp 00000000 08:02 21104041                   /lib/x86_64-linux-gnu/libdl-2.19.so
7fb10a9dd000-7fb10abdc000 ---p 00003000 08:02 21104041                   /lib/x86_64-linux-gnu/libdl-2.19.so
7fb10abdc000-7fb10abdd000 r--p 00002000 08:02 21104041                   /lib/x86_64-linux-gnu/libdl-2.19.so
7fb10abdd000-7fb10abde000 rw-p 00003000 08:02 21104041                   /lib/x86_64-linux-gnu/libdl-2.19.so
7fb10abde000-7fb10abf3000 r-xp 00000000 08:02 18220448                   /opt/java/jdk1.8.0_45/lib/amd64/jli/libjli.so
7fb10abf3000-7fb10adf3000 ---p 00015000 08:02 18220448                   /opt/java/jdk1.8.0_45/lib/amd64/jli/libjli.so
7fb10adf3000-7fb10adf4000 rw-p 00015000 08:02 18220448                   /opt/java/jdk1.8.0_45/lib/amd64/jli/libjli.so
7fb10adf4000-7fb10ae0d000 r-xp 00000000 08:02 21104042                   /lib/x86_64-linux-gnu/libpthread-2.19.so
7fb10ae0d000-7fb10b00c000 ---p 00019000 08:02 21104042                   /lib/x86_64-linux-gnu/libpthread-2.19.so
7fb10b00c000-7fb10b00d000 r--p 00018000 08:02 21104042                   /lib/x86_64-linux-gnu/libpthread-2.19.so
7fb10b00d000-7fb10b00e000 rw-p 00019000 08:02 21104042                   /lib/x86_64-linux-gnu/libpthread-2.19.so
7fb10b00e000-7fb10b012000 rw-p 00000000 00:00 0 
7fb10b012000-7fb10b035000 r-xp 00000000 08:02 21104026                   /lib/x86_64-linux-gnu/ld-2.19.so
7fb10b037000-7fb10b109000 rw-p 00000000 00:00 0 
7fb10b109000-7fb10b10c000 ---p 00000000 00:00 0 
7fb10b10c000-7fb10b20e000 rw-p 00000000 00:00 0                          [stack:10002]
7fb10b213000-7fb10b228000 rw-p 00000000 00:00 0 
7fb10b228000-7fb10b230000 rw-s 00000000 08:02 18880832                   /tmp/hsperfdata_aend/9997
7fb10b230000-7fb10b231000 rw-p 00000000 00:00 0 
7fb10b231000-7fb10b232000 ---p 00000000 00:00 0 
7fb10b232000-7fb10b234000 rw-p 00000000 00:00 0 
7fb10b234000-7fb10b235000 r--p 00022000 08:02 21104026                   /lib/x86_64-linux-gnu/ld-2.19.so
7fb10b235000-7fb10b236000 rw-p 00023000 08:02 21104026                   /lib/x86_64-linux-gnu/ld-2.19.so
7fb10b236000-7fb10b237000 rw-p 00000000 00:00 0 
7fffde5d2000-7fffde5f3000 rw-p 00000000 00:00 0                          [stack]
7fffde5fe000-7fffde600000 r-xp 00000000 00:00 0                          [vdso]
ffffffffff600000-ffffffffff601000 r-xp 00000000 00:00 0                  [vsyscall]

VM Arguments:
jvm_args: -Djava.awt.headless=true -Xmx1024M -Dfile.encoding=UTF-8 -Duser.country=DE -Duser.language=de -Duser.variant 
java_command: com.android.dx.command.Main --dex --force-jumbo --num-threads=4 --output /home/aend/Schreibtisch/EmojiControl/app/build/intermediates/pre-dexed/debug/com.android.support-support-v4-23.4.0_ec787e94157a25a17dca9056775caa9b05c29924.jar /home/aend/Schreibtisch/EmojiControl/app/build/intermediates/exploded-aar/com.android.support/support-v4/23.4.0/jars/classes.jar
java_class_path (initial): /home/aend/Android/Sdk/build-tools/23.0.3/lib/dx.jar
Launcher Type: SUN_STANDARD

Environment Variables:
JAVA_HOME=/opt/java/jdk1.8.0_45
PATH=/usr/local/sbin:/usr/local/bin:/usr/sbin:/usr/bin:/sbin:/bin:/usr/games:/usr/local/games:/home/aend/bin:/opt/java/jdk1.8.0_45/bin
USERNAME=aend
LD_LIBRARY_PATH=/home/aend/Downloads/android-studio/bin:
SHELL=/bin/bash
DISPLAY=:0.0

Signal Handlers:
SIGSEGV: [libjvm.so+0xaad1e0], sa_mask[0]=11111111011111111101111111111110, sa_flags=SA_RESTART|SA_SIGINFO
SIGBUS: [libjvm.so+0xaad1e0], sa_mask[0]=11111111011111111101111111111110, sa_flags=SA_RESTART|SA_SIGINFO
SIGFPE: [libjvm.so+0x90b450], sa_mask[0]=11111111011111111101111111111110, sa_flags=SA_RESTART|SA_SIGINFO
SIGPIPE: [libjvm.so+0x90b450], sa_mask[0]=11111111011111111101111111111110, sa_flags=SA_RESTART|SA_SIGINFO
SIGXFSZ: [libjvm.so+0x90b450], sa_mask[0]=11111111011111111101111111111110, sa_flags=SA_RESTART|SA_SIGINFO
SIGILL: [libjvm.so+0x90b450], sa_mask[0]=11111111011111111101111111111110, sa_flags=SA_RESTART|SA_SIGINFO
SIGUSR1: SIG_DFL, sa_mask[0]=00000000000000000000000000000000, sa_flags=none
SIGUSR2: [libjvm.so+0x90ca90], sa_mask[0]=00100000000000000000000000000000, sa_flags=SA_RESTART|SA_SIGINFO
SIGHUP: [libjvm.so+0x90dde0], sa_mask[0]=11111111011111111101111111111110, sa_flags=SA_RESTART|SA_SIGINFO
SIGINT: [libjvm.so+0x90dde0], sa_mask[0]=11111111011111111101111111111110, sa_flags=SA_RESTART|SA_SIGINFO
SIGTERM: [libjvm.so+0x90dde0], sa_mask[0]=11111111011111111101111111111110, sa_flags=SA_RESTART|SA_SIGINFO
SIGQUIT: [libjvm.so+0x90dde0], sa_mask[0]=11111111011111111101111111111110, sa_flags=SA_RESTART|SA_SIGINFO


---------------  S Y S T E M  ---------------

OS:DISTRIB_ID=LinuxMint
DISTRIB_RELEASE=17
DISTRIB_CODENAME=qiana
DISTRIB_DESCRIPTION="Linux Mint 17 Qiana"

uname:Linux 3.13.0-24-generic #47-Ubuntu SMP Fri May 2 23:30:00 UTC 2014 x86_64
libc:glibc 2.19 NPTL 2.19 
rlimit: STACK 8192k, CORE 0k, NPROC 29944, NOFILE 4096, AS infinity
load average:6,65 2,61 1,45

/proc/meminfo:
MemTotal:        3922296 kB
MemFree:          126644 kB
Buffers:             388 kB
Cached:           205848 kB
SwapCached:            0 kB
Active:          3432096 kB
Inactive:         198140 kB
Active(anon):    3430104 kB
Inactive(anon):   190780 kB
Active(file):       1992 kB
Inactive(file):     7360 kB
Unevictable:           0 kB
Mlocked:               0 kB
SwapTotal:             0 kB
SwapFree:              0 kB
Dirty:               260 kB
Writeback:             0 kB
AnonPages:       3424240 kB
Mapped:            77316 kB
Shmem:            196644 kB
Slab:              68792 kB
SReclaimable:      29540 kB
SUnreclaim:        39252 kB
KernelStack:        4384 kB
PageTables:        29192 kB
NFS_Unstable:          0 kB
Bounce:                0 kB
WritebackTmp:          0 kB
CommitLimit:     1961148 kB
Committed_AS:    5515000 kB
VmallocTotal:   34359738367 kB
VmallocUsed:      347276 kB
VmallocChunk:   34359332476 kB
HardwareCorrupted:     0 kB
AnonHugePages:    419840 kB
HugePages_Total:       0
HugePages_Free:        0
HugePages_Rsvd:        0
HugePages_Surp:        0
Hugepagesize:       2048 kB
DirectMap4k:       63232 kB
DirectMap2M:     4005888 kB


CPU:total 2 (2 cores per cpu, 1 threads per core) family 6 model 42 stepping 7, cmov, cx8, fxsr, mmx, sse, sse2, sse3, ssse3, sse4.1, sse4.2, popcnt, clmul, tsc, tscinvbit

/proc/cpuinfo:
processor	: 0
vendor_id	: GenuineIntel
cpu family	: 6
model		: 42
model name	: Intel(R) Pentium(R) CPU 987 @ 1.50GHz
stepping	: 7
microcode	: 0x28
cpu MHz		: 1500.000
cache size	: 2048 KB
physical id	: 0
siblings	: 2
core id		: 0
cpu cores	: 2
apicid		: 0
initial apicid	: 0
fpu		: yes
fpu_exception	: yes
cpuid level	: 13
wp		: yes
flags		: fpu vme de pse tsc msr pae mce cx8 apic sep mtrr pge mca cmov pat pse36 clflush dts acpi mmx fxsr sse sse2 ss ht tm pbe syscall nx rdtscp lm constant_tsc arch_perfmon pebs bts rep_good nopl xtopology nonstop_tsc aperfmperf eagerfpu pni pclmulqdq dtes64 monitor ds_cpl est tm2 ssse3 cx16 xtpr pdcm pcid sse4_1 sse4_2 x2apic popcnt tsc_deadline_timer xsave lahf_lm arat epb xsaveopt pln pts dtherm
bogomips	: 2993.03
clflush size	: 64
cache_alignment	: 64
address sizes	: 36 bits physical, 48 bits virtual
power management:

processor	: 1
vendor_id	: GenuineIntel
cpu family	: 6
model		: 42
model name	: Intel(R) Pentium(R) CPU 987 @ 1.50GHz
stepping	: 7
microcode	: 0x28
cpu MHz		: 1500.000
cache size	: 2048 KB
physical id	: 0
siblings	: 2
core id		: 1
cpu cores	: 2
apicid		: 2
initial apicid	: 2
fpu		: yes
fpu_exception	: yes
cpuid level	: 13
wp		: yes
flags		: fpu vme de pse tsc msr pae mce cx8 apic sep mtrr pge mca cmov pat pse36 clflush dts acpi mmx fxsr sse sse2 ss ht tm pbe syscall nx rdtscp lm constant_tsc arch_perfmon pebs bts rep_good nopl xtopology nonstop_tsc aperfmperf eagerfpu pni pclmulqdq dtes64 monitor ds_cpl est tm2 ssse3 cx16 xtpr pdcm pcid sse4_1 sse4_2 x2apic popcnt tsc_deadline_timer xsave lahf_lm arat epb xsaveopt pln pts dtherm
bogomips	: 2993.03
clflush size	: 64
cache_alignment	: 64
address sizes	: 36 bits physical, 48 bits virtual
power management:



Memory: 4k page, physical 3922296k(124644k free), swap 0k(0k free)

vm_info: Java HotSpot(TM) 64-Bit Server VM (25.45-b02) for linux-amd64 JRE (1.8.0_45-b14), built on Apr 10 2015 10:07:45 by "java_re" with gcc 4.3.0 20080428 (Red Hat 4.3.0-8)

time: Sat Apr 15 14:18:43 2017
elapsed time: 20 seconds (0d 0h 0m 20s)

